auth/build/intermediates/manifest_merge_blame_file/debug/processDebugManifest/manifest-merger-blame-debug-report.txt
1<?xml version="1.0" encoding="utf-8"?>
2<manifest xmlns:android="http://schemas.android.com/apk/res/android"
3    package="com.example.auth" >
4
5    <uses-sdk android:minSdkVersion="29" />
6
7    <uses-permission android:name="android.permission.CAMERA" />
7-->src\main\AndroidManifest.xml:3:5-65
7-->src\main\AndroidManifest.xml:3:22-62
8
9    <uses-feature android:name="android.hardware.camera" />
9-->src\main\AndroidManifest.xml:4:5-60
9-->src\main\AndroidManifest.xml:4:19-57
10
11</manifest>